2024-09-04 08:19:42,599 - INFO - file_cache is only supported with oauth2client<4.0.0
2024-09-04 08:19:44,926 - INFO - Archivo subido con ID: 1nmbFmlwmaHeeHFt35VKBsaFgDKck387-
2024-09-04 08:22:16,210 - INFO - file_cache is only supported with oauth2client<4.0.0
2024-09-04 08:22:18,694 - INFO - Archivo subido con ID: 11jxn0DUPKbiWNbBVU8o-Mps_wQ20I7WK
2024-09-04 09:21:37,880 - INFO - file_cache is only supported with oauth2client<4.0.0
2024-09-04 09:21:40,072 - INFO - Archivo subido con ID: 19hYPDfvrKbcr-uIzQ4gjBycuDMnuaQI7
2024-09-04 09:23:25,938 - INFO - file_cache is only supported with oauth2client<4.0.0
2024-09-04 09:23:28,488 - INFO - Archivo subido con ID: 1yjljvBnJCgS951oWKyr-ASF7edknCyq4
2024-09-04 09:26:27,545 - INFO - file_cache is only supported with oauth2client<4.0.0
2024-09-04 09:26:31,363 - INFO - Archivo subido con ID: 1g4UhZBhDP6PsgqUlF0ap8f0iFm-UmyKw
2024-09-04 09:28:18,422 - INFO - file_cache is only supported with oauth2client<4.0.0
2024-09-04 09:28:20,603 - INFO - Archivo subido con ID: 1JpHgyWzqbWzcFpFy9sXr128qPOW18rZd
2024-09-04 09:31:10,523 - INFO - file_cache is only supported with oauth2client<4.0.0
2024-09-04 09:31:13,957 - INFO - Archivo subido con ID: 1dkdmozHn0FThmSbXj42yxjEHREnJGZ0u
2024-09-04 09:37:27,067 - INFO - file_cache is only supported with oauth2client<4.0.0
2024-09-04 09:37:29,359 - INFO - Archivo subido con ID: 1pnRE29_MSgbav97V3xyHRvnD_cjDcoYf
2024-09-04 09:38:26,185 - INFO - file_cache is only supported with oauth2client<4.0.0
2024-09-04 09:38:28,255 - INFO - Archivo subido con ID: 1kHmJmRuEQIMBAzNJ9OM4FfGyHQW5WaKW
2024-09-04 09:39:11,727 - INFO - file_cache is only supported with oauth2client<4.0.0
2024-09-04 09:39:14,063 - INFO - Archivo subido con ID: 1UwzSplzlo93l5J2BIlO3uWG4SdAxsafd
2024-09-04 09:39:51,857 - INFO - file_cache is only supported with oauth2client<4.0.0
2024-09-04 09:39:54,123 - INFO - Archivo subido con ID: 1VjJEclenzqHUfFrHAEAC3078diXfXznb
2024-09-04 09:40:42,229 - INFO - file_cache is only supported with oauth2client<4.0.0
2024-09-04 09:40:44,445 - INFO - Archivo subido con ID: 12lNgE2BvBxFmCZDV6ZgDnwjvvrQGp_G1
2024-09-04 09:41:47,901 - INFO - file_cache is only supported with oauth2client<4.0.0
2024-09-04 09:41:50,128 - INFO - Archivo subido con ID: 1Te1tx2_NYZtWbID_P_RvdbCVf6dcds59
2024-09-04 09:42:01,051 - INFO - file_cache is only supported with oauth2client<4.0.0
2024-09-04 09:42:03,647 - INFO - Archivo subido con ID: 13PoeP88PHB0dMXGxj7dbhLH9qInPSkOa
2024-09-04 11:02:10,051 - INFO - file_cache is only supported with oauth2client<4.0.0
2024-09-04 11:02:12,771 - INFO - Archivo subido con ID: 1FKsHv8jnf_WxyWgyMPhsTA0YKqlVfbKB
2024-09-05 14:26:47,179 - INFO - file_cache is only supported with oauth2client<4.0.0
2024-09-05 14:26:51,083 - INFO - Archivo subido con ID: 1D5itawyPR44o77_smVB_lSqfmeN2Fvp_
2024-09-11 08:55:52,065 - INFO - file_cache is only supported with oauth2client<4.0.0
2024-09-11 08:55:55,767 - INFO - Archivo subido con ID: 1zp5YxHx6zxNV4rIcg71c3RZlPiE6nhqZ
2024-09-11 09:51:48,323 - INFO - file_cache is only supported with oauth2client<4.0.0
2024-09-11 09:51:50,970 - INFO - Archivo subido con ID: 1C7p97VhjaWfBi6gx7Sw6NlrNrNMro1Yy
2024-09-12 15:37:46,626 - INFO - file_cache is only supported with oauth2client<4.0.0
2024-09-12 15:37:49,174 - INFO - Archivo subido con ID: 1Pn5vUnUCeR22DohCCZ4NWJcXJt6lUQW7
2024-09-12 15:41:00,723 - INFO - file_cache is only supported with oauth2client<4.0.0
2024-09-12 15:41:02,985 - INFO - Archivo subido con ID: 1pLTS7U1iI7ptfArbsvut13FEZfA34BSw
2024-09-12 15:47:12,069 - INFO - file_cache is only supported with oauth2client<4.0.0
2024-09-12 15:47:15,232 - INFO - Archivo subido con ID: 1W2waguBNsrNYFZERQYt2IIpfch5iCpP4
2024-09-16 08:39:51,806 - INFO - file_cache is only supported with oauth2client<4.0.0
2024-09-16 08:40:00,088 - INFO - Archivo subido con ID: 1bHF6oN_28LRElufvhzeZak9JMWWqBsWB
2024-09-16 09:12:25,857 - INFO - file_cache is only supported with oauth2client<4.0.0
2024-09-16 09:12:29,195 - INFO - Archivo subido con ID: 1bfdMJptL7uwhlNd0qIHeJB8leBggwUZk
2024-09-16 09:14:27,042 - INFO - file_cache is only supported with oauth2client<4.0.0
2024-09-16 09:14:29,252 - INFO - Archivo subido con ID: 1my8Toe8MNdxYBE0P90opHloY3fRxbRqv
2024-09-16 09:16:50,349 - INFO - file_cache is only supported with oauth2client<4.0.0
2024-09-16 09:16:53,801 - INFO - Archivo subido con ID: 1ZH37OGTJSyYO9atbgCFTN4sYmWZqNR1t
2024-09-16 11:36:13,198 - INFO - file_cache is only supported with oauth2client<4.0.0
2024-09-16 11:36:16,776 - INFO - Archivo subido con ID: 1r04f6mQxIe3aH1Kn27QrTkn01LMCh7r4
2024-09-16 12:27:01,687 - INFO - file_cache is only supported with oauth2client<4.0.0
2024-09-16 12:27:03,915 - INFO - Archivo subido con ID: 1pXbp2A_tvbS7jG7xFagXnDGyDnoFaUGD
2024-09-16 12:27:12,407 - INFO - file_cache is only supported with oauth2client<4.0.0
2024-09-16 12:27:14,728 - INFO - Archivo subido con ID: 1X6vYRDeLv7avJDS9p50-gTDvH7tOk6fz
2024-09-17 09:00:44,763 - INFO - file_cache is only supported with oauth2client<4.0.0
2024-09-17 09:00:46,956 - INFO - Archivo subido con ID: 1u2hKTIqxRTb17VRdkVr5nZrufpy-jCUw
2024-09-17 12:16:08,809 - INFO - file_cache is only supported with oauth2client<4.0.0
2024-09-17 12:16:11,549 - INFO - Archivo subido con ID: 1xZHOuPgdPgUhrflSY3GwN25HljaG0d7p
2024-09-17 12:17:37,138 - INFO - file_cache is only supported with oauth2client<4.0.0
2024-09-17 12:17:39,151 - INFO - Archivo subido con ID: 1X8vEwHPgNOuuBseHMs8Z9gflhyLNx2os
2024-09-17 12:19:45,955 - INFO - file_cache is only supported with oauth2client<4.0.0
2024-09-17 12:19:48,233 - INFO - Archivo subido con ID: 1QlsGZ1O50_tAljfwNEqPVY4bzBMg9On0
2024-09-17 12:20:21,342 - INFO - file_cache is only supported with oauth2client<4.0.0
2024-09-17 12:20:23,628 - INFO - Archivo subido con ID: 1dU5FA_xUap-EKEjKBELSWgGkd8qVPkXH
2024-09-17 12:21:17,459 - INFO - file_cache is only supported with oauth2client<4.0.0
2024-09-17 12:21:20,602 - INFO - Archivo subido con ID: 1JMGvmAhjdxK1BysZUR2m4_SmOTSBgEiw
2024-09-17 12:21:55,072 - INFO - file_cache is only supported with oauth2client<4.0.0
2024-09-17 12:21:57,255 - INFO - Archivo subido con ID: 1eqNJWSLNy-IYD6AoB3oXCEPfjWNKbtd3
2024-09-17 15:05:12,020 - INFO - file_cache is only supported with oauth2client<4.0.0
2024-09-17 15:05:14,322 - INFO - Archivo subido con ID: 1uqYlFYccbs6VJJlnqXyELwOrxS0rGQYX
2024-09-18 06:39:26,423 - INFO - file_cache is only supported with oauth2client<4.0.0
2024-09-18 06:39:28,682 - INFO - Archivo subido con ID: 1YrWS-8TV6deG2hHdhJNPnT20THOsPSm0
2024-09-18 08:33:12,551 - INFO - file_cache is only supported with oauth2client<4.0.0
2024-09-18 08:33:16,323 - INFO - Archivo subido con ID: 13bLB-m6KNn-CsGC0B76Oi0cVjA1N754x
2024-09-18 09:07:33,851 - INFO - file_cache is only supported with oauth2client<4.0.0
2024-09-18 09:07:36,019 - INFO - Archivo subido con ID: 1Y3gAcG8dHBVX-vilgDRHpgsYCTrDmUro
2024-09-18 11:11:27,236 - INFO - file_cache is only supported with oauth2client<4.0.0
2024-09-18 11:11:29,742 - INFO - Archivo subido con ID: 1bHSd32hkv9YjnZljC6FAFHvSokOE3i7r
2024-09-18 11:11:47,146 - INFO - file_cache is only supported with oauth2client<4.0.0
2024-09-18 11:11:49,722 - INFO - Archivo subido con ID: 18NYiRsc7g4i0ZSld8EIFNjO5Woe8QShn
2024-09-18 11:45:52,905 - INFO - file_cache is only supported with oauth2client<4.0.0
2024-09-18 11:45:55,052 - INFO - Archivo subido con ID: 1HHSZN6Se_rnRwnpuw58Y78gsJcQIJJtC
2024-09-18 12:51:32,093 - INFO - file_cache is only supported with oauth2client<4.0.0
2024-09-18 12:51:34,559 - INFO - Archivo subido con ID: 1mxiwxiF8RcqHrphcSnNrayuEXSPz8SQK
2024-09-18 12:52:32,859 - INFO - file_cache is only supported with oauth2client<4.0.0
2024-09-18 12:52:35,452 - INFO - Archivo subido con ID: 1IXPxpz_DAf5ID8qxlCoAe5UYiUHoPnFt
2024-09-18 16:02:11,773 - INFO - file_cache is only supported with oauth2client<4.0.0
2024-09-18 16:02:14,046 - INFO - Archivo subido con ID: 1tkpOSP-ZwIU73_lTcrBzDGuIMTO_Z9Wm
2024-09-18 16:06:22,071 - INFO - file_cache is only supported with oauth2client<4.0.0
2024-09-18 16:06:24,449 - INFO - Archivo subido con ID: 1vuhNQh4hCJPU1GmXJz2CLEpB688wbHIo
2024-09-19 08:46:49,001 - INFO - file_cache is only supported with oauth2client<4.0.0
2024-09-19 08:46:51,489 - INFO - Archivo subido con ID: 1mm17AIYC70z8UQ1kjJCbmIOyM5p6rtbT
2024-09-19 09:07:57,706 - INFO - file_cache is only supported with oauth2client<4.0.0
2024-09-19 09:07:59,832 - INFO - Archivo subido con ID: 1XL4wY3n8VJl8A-l6fpoUYwxF8BSxx2Wv
2024-09-19 09:25:13,094 - INFO - file_cache is only supported with oauth2client<4.0.0
2024-09-19 09:25:15,921 - INFO - Archivo subido con ID: 1IbU8u33FoWiZcrBPMtDcRyz7rDEkvxCP
2024-09-19 10:35:45,231 - INFO - file_cache is only supported with oauth2client<4.0.0
2024-09-19 10:35:47,638 - INFO - Archivo subido con ID: 1_7CVcyjrgxwDgZqhi2yKYhJggll-qsZx
2024-09-19 10:51:29,776 - INFO - file_cache is only supported with oauth2client<4.0.0
2024-09-19 10:51:31,944 - INFO - Archivo subido con ID: 1oz0OYy-kYCU3WkKkLxHlHr-L7-vH7BfH
2024-09-19 11:27:15,595 - INFO - file_cache is only supported with oauth2client<4.0.0
2024-09-19 11:27:18,149 - INFO - Archivo subido con ID: 1WisJ8wTCPCTYZmAnVMFjA2acfe5AsfWQ
2024-09-19 11:56:49,147 - INFO - file_cache is only supported with oauth2client<4.0.0
2024-09-19 11:56:51,729 - INFO - Archivo subido con ID: 1us4TdGG6t_H2wFf-1RMTN4hy_1j2XfS4
2024-09-19 14:51:28,690 - INFO - file_cache is only supported with oauth2client<4.0.0
2024-09-19 14:51:32,382 - INFO - Archivo subido con ID: 1Gt0VI8rdFDHMF76dYqnqy7T2KryU3tcN
2024-09-19 14:52:32,552 - INFO - file_cache is only supported with oauth2client<4.0.0
2024-09-19 14:52:35,413 - INFO - Archivo subido con ID: 1eMC8kgbY2pWSglBnSIPxS3Xd7m_aihCX
2024-09-19 15:21:15,301 - INFO - file_cache is only supported with oauth2client<4.0.0
2024-09-19 15:21:17,770 - INFO - Archivo subido con ID: 15GIzDLEOZexQtfAPID2tCXkdD9eB0ZHy
2024-09-19 15:31:02,504 - INFO - file_cache is only supported with oauth2client<4.0.0
2024-09-19 15:31:05,541 - INFO - Archivo subido con ID: 16Rg2hCdSl2jheAHb69VzwlpOYKCX30EN
2024-09-19 15:35:09,522 - INFO - file_cache is only supported with oauth2client<4.0.0
2024-09-19 15:35:12,676 - INFO - Archivo subido con ID: 1QYi_k_NvJ49flrlUQItHFqyzRy0l2kgI
2024-09-19 15:43:59,653 - INFO - file_cache is only supported with oauth2client<4.0.0
2024-09-19 15:44:02,156 - INFO - Archivo subido con ID: 1kfzh3wa9Q--_HIBAknjZbn6rS7aLV64b
2024-09-19 15:52:54,653 - INFO - file_cache is only supported with oauth2client<4.0.0
2024-09-19 15:52:56,747 - INFO - Archivo subido con ID: 1fQRiLy-BXNHj63xlPC7cOP_4MqUa0MVI
2024-09-19 15:55:50,457 - INFO - file_cache is only supported with oauth2client<4.0.0
2024-09-19 15:56:02,591 - INFO - file_cache is only supported with oauth2client<4.0.0
2024-09-19 15:56:04,901 - INFO - Archivo subido con ID: 1wzNWHnCV2e9WUF7BRzqXwOmtx03m_-1q
2024-09-19 16:05:54,146 - INFO - file_cache is only supported with oauth2client<4.0.0
2024-09-19 16:05:56,791 - INFO - Archivo subido con ID: 1VMkeAjxHJc_7902St5i7nJQDutOrjpEO
2024-09-19 16:21:43,571 - INFO - file_cache is only supported with oauth2client<4.0.0
2024-09-19 16:21:45,976 - INFO - Archivo subido con ID: 18B3ybpHrbDyT19D0JdLtudCqGwV6ajk3
2024-09-20 09:10:09,570 - INFO - file_cache is only supported with oauth2client<4.0.0
2024-09-20 09:10:11,935 - INFO - Archivo subido con ID: 1R5oiFJIouen85cw9uikJf_ZWNBGzL-GJ
2024-09-20 09:29:07,962 - INFO - file_cache is only supported with oauth2client<4.0.0
2024-09-20 09:29:10,799 - INFO - Archivo subido con ID: 17MXFlM53TOVH_L1LB-mdKs6q_m4J3nlB
2024-09-20 09:50:23,647 - INFO - file_cache is only supported with oauth2client<4.0.0
2024-09-20 09:50:25,640 - INFO - Archivo subido con ID: 1B9vxkbNUDs9JpfOJaOidbuSBN6RmPHKs
2024-09-20 10:47:43,261 - INFO - file_cache is only supported with oauth2client<4.0.0
2024-09-20 10:47:45,954 - INFO - Archivo subido con ID: 1wfAK0QWWeFmtNyia6Cw0nSly8w46CVxb
2024-09-20 11:06:05,676 - INFO - file_cache is only supported with oauth2client<4.0.0
2024-09-20 11:06:08,357 - INFO - Archivo subido con ID: 12sDj0LyNTQoe2zIt6YJRbIA7jVDwjO9D
2024-09-20 11:10:55,952 - INFO - file_cache is only supported with oauth2client<4.0.0
2024-09-20 11:10:59,350 - INFO - Archivo subido con ID: 1F6KaqiTJuPLR27fouIr9L5Av4Wt13es0
2024-09-20 12:10:10,637 - INFO - file_cache is only supported with oauth2client<4.0.0
2024-09-20 12:10:15,019 - INFO - Archivo subido con ID: 1mZR32p1u23yIyRAmZpcqzpTptL4pVogJ
2024-09-20 12:11:20,041 - INFO - file_cache is only supported with oauth2client<4.0.0
2024-09-20 12:11:23,725 - INFO - Archivo subido con ID: 1nC-grUBkmpJhh6kJaq0OhEDfHK-JuKYd
2024-09-20 12:39:56,095 - INFO - file_cache is only supported with oauth2client<4.0.0
2024-09-20 12:39:59,908 - INFO - Archivo subido con ID: 199K7YYoFBkyZQIN2UCiKy3udKJyDnDUm
2024-09-20 14:35:49,270 - INFO - file_cache is only supported with oauth2client<4.0.0
2024-09-20 14:35:52,920 - INFO - Archivo subido con ID: 16NbR0Katc-BIb336DxMii9tUM1fXK8xH
2024-09-20 15:11:42,644 - INFO - file_cache is only supported with oauth2client<4.0.0
2024-09-20 15:11:45,005 - INFO - Archivo subido con ID: 1HXCDSsf5BCjSPLkXGk0JrF6OBGnFgWea
2024-09-20 15:48:22,848 - INFO - file_cache is only supported with oauth2client<4.0.0
2024-09-20 15:48:25,170 - INFO - Archivo subido con ID: 1NJN3Zh6aCn7MTqjfkhFph1qm25XeY3Lb
2024-09-23 09:13:47,229 - INFO - file_cache is only supported with oauth2client<4.0.0
2024-09-23 09:13:49,176 - INFO - Archivo subido con ID: 1l5l2wWH6oBpO5zeeZEOX-YNFV8FfT4yZ
2024-09-23 11:00:41,166 - INFO - file_cache is only supported with oauth2client<4.0.0
2024-09-23 11:00:43,329 - INFO - Archivo subido con ID: 1NUTKFyqebNuJY0Fseq-RSD6gMmOJq_EV
2024-09-23 11:39:12,354 - INFO - file_cache is only supported with oauth2client<4.0.0
2024-09-23 11:39:15,082 - INFO - Archivo subido con ID: 1r1aBMhq0EKVjlptXFf3FfFs__hIUcN8m
2024-09-23 12:44:53,623 - INFO - file_cache is only supported with oauth2client<4.0.0
2024-09-23 12:44:56,093 - INFO - Archivo subido con ID: 1ZUbYsGBRihcKUF8ZY4ij1tm7MxCVVbaK
2024-09-23 14:18:39,137 - INFO - file_cache is only supported with oauth2client<4.0.0
2024-09-23 14:18:41,454 - INFO - Archivo subido con ID: 1j2SOtQqdznHF9E6g405bFscsDaCldb18
2024-09-23 14:29:52,076 - INFO - file_cache is only supported with oauth2client<4.0.0
2024-09-23 14:29:54,310 - INFO - Archivo subido con ID: 11sDON5SUw4R036r5QLmP-z763jccmeHf
2024-09-23 14:42:07,765 - INFO - file_cache is only supported with oauth2client<4.0.0
2024-09-23 14:42:10,133 - INFO - Archivo subido con ID: 1GGAkRjC5OJQMFiQ4eevDFo_QM5h2s-h7
2024-09-23 14:44:44,244 - INFO - file_cache is only supported with oauth2client<4.0.0
2024-09-23 14:44:46,608 - INFO - Archivo subido con ID: 1Qd6ciivbn5ZD11x0XX39poMrYiw546kD
2024-09-24 11:47:51,116 - INFO - file_cache is only supported with oauth2client<4.0.0
2024-09-24 11:47:57,855 - INFO - Archivo subido con ID: 12Ri9gIUS6tUdA3ID-n2is-EzJnb3H8vm
2024-09-24 11:48:34,214 - INFO - file_cache is only supported with oauth2client<4.0.0
2024-09-24 11:48:36,371 - INFO - Archivo subido con ID: 1iHwBkVFwYP1qSdzpLb4VLJkGdG_Xzh7h
2024-09-24 11:50:11,974 - INFO - file_cache is only supported with oauth2client<4.0.0
2024-09-24 11:50:14,456 - INFO - Archivo subido con ID: 15AuLt9RVaK8T-b20yQeUfi2rdfVqpuxe
2024-09-24 11:50:33,346 - INFO - file_cache is only supported with oauth2client<4.0.0
2024-09-24 11:50:36,442 - INFO - Archivo subido con ID: 12P_awK-vbd_kiw2GUoYTlN2kXCaJxFw5
2024-09-24 11:50:53,164 - INFO - file_cache is only supported with oauth2client<4.0.0
2024-09-24 11:50:55,613 - INFO - Archivo subido con ID: 1_Q1OAiBch7lIOgI6ij8Me-JI0cng424X
2024-09-24 11:51:11,613 - INFO - file_cache is only supported with oauth2client<4.0.0
2024-09-24 11:51:14,298 - INFO - Archivo subido con ID: 1cWRhkEioOGx_fIXixZ-yZdG0XtPU45XI
2024-09-24 11:51:28,353 - INFO - file_cache is only supported with oauth2client<4.0.0
2024-09-24 11:51:31,102 - INFO - Archivo subido con ID: 12baljcSNHJR5n4tPiSjwh1ErvOTLuH_4
2024-09-24 11:51:48,758 - INFO - file_cache is only supported with oauth2client<4.0.0
2024-09-24 11:51:51,138 - INFO - Archivo subido con ID: 1vO5E2OcRonK-l2Ipp1fbCpM_Dz3dbVHc
2024-09-24 14:31:41,316 - INFO - file_cache is only supported with oauth2client<4.0.0
2024-09-24 14:31:43,862 - INFO - Archivo subido con ID: 1KpAgIRmpFiLhd-hGjgu-RxNin9Z8N-zy
2024-09-24 15:34:53,043 - INFO - file_cache is only supported with oauth2client<4.0.0
2024-09-24 15:34:55,524 - INFO - Archivo subido con ID: 1kjdrJdo61ZX5WOmCPi14O_Jx9tZUuwVx
2024-09-25 08:41:11,390 - INFO - file_cache is only supported with oauth2client<4.0.0
2024-09-25 08:41:13,720 - INFO - Archivo subido con ID: 1UMoaNQyDTwiM9sHUzWR8m-cGAF9wbB-H
2024-09-25 08:48:34,585 - INFO - file_cache is only supported with oauth2client<4.0.0
2024-09-25 08:48:38,425 - INFO - Archivo subido con ID: 1PVl_Ghtn0FhxbSxU2WKVgAP6KAy7Thd5
2024-09-25 08:53:47,371 - INFO - file_cache is only supported with oauth2client<4.0.0
2024-09-25 08:53:49,592 - INFO - Archivo subido con ID: 1-jzieQxD9AVU9TMuBrW1qvx21dlI_May
2024-09-25 08:58:12,588 - INFO - file_cache is only supported with oauth2client<4.0.0
2024-09-25 08:58:15,968 - INFO - Archivo subido con ID: 1Aw4nYi34k2Ck3SijDMmw8S0sDeruoSxX
2024-09-25 08:59:50,098 - INFO - file_cache is only supported with oauth2client<4.0.0
2024-09-25 08:59:52,644 - INFO - Archivo subido con ID: 1dK5lGYPcjm6RZGujzNDRUOSQZpVrahZr
2024-09-25 09:42:01,437 - INFO - file_cache is only supported with oauth2client<4.0.0
2024-09-25 09:42:03,920 - INFO - Archivo subido con ID: 1F8snYezcTZuV_0CNzHBqtepKAz2fwdxF
2024-09-25 09:45:22,115 - INFO - file_cache is only supported with oauth2client<4.0.0
2024-09-25 09:45:24,723 - INFO - Archivo subido con ID: 1rif_jTpTByabiXZl-s1wfYeB6wPQQsXM
2024-09-27 14:52:34,433 - INFO - file_cache is only supported with oauth2client<4.0.0
2024-09-27 14:52:36,818 - INFO - Archivo subido con ID: 1Tlpe4-mwz6QNXAo-4OqD1QkAtyqYShXX
2024-09-27 15:10:45,678 - INFO - file_cache is only supported with oauth2client<4.0.0
2024-09-27 15:10:48,181 - INFO - Archivo subido con ID: 188sUEEPqBobzPn1E2QOiXqvs6CgANAes
2024-09-27 15:13:50,389 - INFO - file_cache is only supported with oauth2client<4.0.0
2024-09-27 15:13:52,488 - INFO - Archivo subido con ID: 19QJhyKseKVdVQfhZU_CqY14WY3xfV0xH
2024-09-27 15:16:37,616 - INFO - file_cache is only supported with oauth2client<4.0.0
2024-09-27 15:16:39,741 - INFO - Archivo subido con ID: 13dU6IIl14vYgHSKuy3xIj0-h-TjZuXn3
2024-09-27 15:23:06,348 - INFO - file_cache is only supported with oauth2client<4.0.0
2024-09-27 15:23:08,762 - INFO - Archivo subido con ID: 10bJ0FAQgCCDZwLBrnLm7quhiIeGiT7zh
2024-09-27 15:31:41,782 - INFO - file_cache is only supported with oauth2client<4.0.0
2024-09-27 15:31:43,970 - INFO - Archivo subido con ID: 1-3xqhxfhx0LfuMnNNrcnnwvApIgm-GOd
2024-09-27 15:34:16,605 - INFO - file_cache is only supported with oauth2client<4.0.0
2024-09-27 15:34:18,618 - INFO - Archivo subido con ID: 1D1nqQgd-t3v1IxpzqvL9DWmOm9cYk9Jp
2024-09-27 15:39:58,392 - INFO - file_cache is only supported with oauth2client<4.0.0
2024-09-27 15:40:00,792 - INFO - Archivo subido con ID: 18TvkgZ1TPVJgv7YZDUkGuV1fIXefDtCj
2024-09-27 15:41:28,974 - INFO - file_cache is only supported with oauth2client<4.0.0
2024-09-27 15:41:31,318 - INFO - Archivo subido con ID: 13T4CDLVWwfsEwuJ0RE0nti0aDby2f7ZC
2024-09-27 15:44:51,229 - INFO - file_cache is only supported with oauth2client<4.0.0
2024-09-27 15:44:54,663 - INFO - Archivo subido con ID: 1M9NuIjMXWJg8bHzqmnUgylag0EEZpPP9
2024-09-30 07:28:09,100 - INFO - file_cache is only supported with oauth2client<4.0.0
2024-09-30 07:28:12,546 - INFO - Archivo subido con ID: 1A-CcgL4iDnJuvetI9xX5kOoWdVQopBk1
2024-09-30 07:29:45,650 - INFO - file_cache is only supported with oauth2client<4.0.0
2024-09-30 07:29:47,882 - INFO - Archivo subido con ID: 12L5t1_Pq4z6qQC8RDRXeMsVSZkKW8Mn_
2024-10-02 12:41:29,685 - INFO - file_cache is only supported with oauth2client<4.0.0
2024-10-02 12:41:32,106 - INFO - Archivo subido con ID: 19dvqAxTaLz8c4r7aUFOBs3kNNKWaAybd
2024-10-04 09:55:49,933 - INFO - file_cache is only supported with oauth2client<4.0.0
2024-10-04 09:55:52,016 - INFO - Archivo subido con ID: 1Tt4hJ2BFynEL6_H5nzlW4zNAfVlaTOmK
2024-10-07 12:12:08,864 - INFO - file_cache is only supported with oauth2client<4.0.0
2024-10-07 12:12:11,572 - INFO - Archivo subido con ID: 1mdUNuMsO4-ZLmu0C3ebBgxXDtr5s_9oE
2024-10-08 14:48:07,542 - INFO - file_cache is only supported with oauth2client<4.0.0
2024-10-08 14:48:10,199 - INFO - Archivo subido con ID: 105wEqiTUb4_sZrhT5Aj3srmLOnAZSF8d
2024-10-11 08:45:18,358 - INFO - file_cache is only supported with oauth2client<4.0.0
2024-10-11 08:45:20,819 - INFO - Archivo subido con ID: 1gcYp9ye1wu0zRDqsbbHsia6pnuB1gsys
2024-10-15 10:36:49,287 - INFO - file_cache is only supported with oauth2client<4.0.0
2024-10-15 10:36:51,462 - INFO - Archivo subido con ID: 1JeSqDA6XLmFGO4dhJQrecDFDpZ1IaIyZ
2024-10-23 10:44:14,061 - INFO - file_cache is only supported with oauth2client<4.0.0
2024-10-23 10:44:16,374 - INFO - Archivo subido con ID: 10MvAqsMIjp0KD6VD_goTyf9G13FBHKKN
2024-10-23 10:44:59,848 - INFO - file_cache is only supported with oauth2client<4.0.0
2024-10-23 10:45:01,911 - INFO - Archivo subido con ID: 1KVafCKJQZUkfB922e_KgWSSooIVUiiCv
2024-10-23 10:45:16,888 - INFO - file_cache is only supported with oauth2client<4.0.0
2024-10-23 10:45:19,096 - INFO - Archivo subido con ID: 1didO0zjw1bQDyjpu4I4SEb26EMkVUA_g
2024-10-25 10:28:55,654 - INFO - file_cache is only supported with oauth2client<4.0.0
2024-10-25 10:28:58,888 - INFO - Archivo subido con ID: 1hU6wvSPqIP6rb35butvR9XkJNpJNAcfX
2024-10-25 11:35:26,804 - INFO - file_cache is only supported with oauth2client<4.0.0
2024-10-25 11:35:29,841 - INFO - Archivo subido con ID: 1ixCa3hHPSxi6Vmj_aO1c07X4V-C8lvm8
2024-10-25 11:35:43,857 - INFO - file_cache is only supported with oauth2client<4.0.0
2024-10-25 11:35:45,924 - INFO - Archivo subido con ID: 1ZWxB3Z7QVL9Y8Lism3g9w82O21wI8vDt
2024-10-25 11:35:59,241 - INFO - file_cache is only supported with oauth2client<4.0.0
2024-10-25 11:36:01,381 - INFO - Archivo subido con ID: 112xetqflHX3eYUpVvVwDdcF04gzXOMrq
2024-10-28 10:14:52,324 - INFO - file_cache is only supported with oauth2client<4.0.0
2024-10-28 10:15:04,788 - INFO - Archivo subido con ID: 1fTFGvnuOOE4v8bvsosJs9SohlcCsOJDQ
2024-10-30 12:12:34,210 - INFO - file_cache is only supported with oauth2client<4.0.0
2024-10-30 12:12:36,597 - INFO - Archivo subido con ID: 1nPlYP2xdeapDhNqfih0bbnHxQ41cXkI9
2024-10-30 12:52:45,540 - INFO - file_cache is only supported with oauth2client<4.0.0
2024-10-30 12:52:48,257 - INFO - Archivo subido con ID: 17iSahc_gqsmzpfD8kQbLHiinYIhDmMpj
2024-10-30 12:53:02,644 - INFO - file_cache is only supported with oauth2client<4.0.0
2024-10-30 12:53:05,141 - INFO - Archivo subido con ID: 1qPox6dPyc9EgO9quHpqj-clXuwqkjpsn
2024-11-01 15:54:54,798 - INFO - file_cache is only supported with oauth2client<4.0.0
2024-11-01 15:54:57,307 - INFO - Archivo subido con ID: 1Q75UHoX-BsyVdM3AOTk5Wc5ltGdDU2qK
2024-11-13 12:57:09,002 - INFO - file_cache is only supported with oauth2client<4.0.0
2024-11-13 12:57:11,314 - INFO - Archivo subido con ID: 1UHtSOcckzuCtkSkxRmi6bgIX0PrLyVaA
2024-11-13 16:49:57,167 - INFO - file_cache is only supported with oauth2client<4.0.0
2024-11-13 16:49:59,405 - INFO - Archivo subido con ID: 1ol7c5WWXZHTuX6sibmZDor4h3yhAZzyi
2024-11-15 09:14:34,936 - INFO - file_cache is only supported with oauth2client<4.0.0
2024-11-15 09:14:38,179 - INFO - Archivo subido con ID: 138czTQrFNpzqSYiqjCV_mgusAyHeFPpR
2024-11-15 09:34:10,051 - INFO - file_cache is only supported with oauth2client<4.0.0
2024-11-15 09:34:12,152 - INFO - Archivo subido con ID: 1gR4Se8JigA_1dhC2MPmTVPKE2bdYnvzb
2024-11-15 09:34:31,900 - INFO - file_cache is only supported with oauth2client<4.0.0
2024-11-15 09:34:33,862 - INFO - Archivo subido con ID: 1u8NNPAwoU5CAkrk2h92eZn6jYA2X1BYK
2024-11-19 11:39:21,714 - INFO - file_cache is only supported with oauth2client<4.0.0
2024-11-19 11:39:25,100 - INFO - Archivo subido con ID: 16Zz8t82Bavo0RLYLyoQCw9aXTvssnlKR
2024-11-19 11:40:17,519 - INFO - file_cache is only supported with oauth2client<4.0.0
2024-11-19 11:40:19,743 - INFO - Archivo subido con ID: 14cOIlm5B9_SD5dVD-T-FfzqFvDK_GDUb
2024-11-19 11:40:34,703 - INFO - file_cache is only supported with oauth2client<4.0.0
2024-11-19 11:40:36,890 - INFO - Archivo subido con ID: 1LgoaE47UfgsMMGz_FPsxfFknwOBHTpTQ
2024-11-19 11:42:52,320 - INFO - file_cache is only supported with oauth2client<4.0.0
2024-11-19 11:42:54,520 - INFO - Archivo subido con ID: 1qQ2AlEDzfPOFDsc3_AkymyMJsTif1mJj
2024-11-20 15:13:56,121 - INFO - file_cache is only supported with oauth2client<4.0.0
2024-11-20 15:13:58,087 - INFO - Archivo subido con ID: 1FPI3XvzKZ1QtSIDghGUhh5xhI_4Daciv
2024-11-25 12:22:49,134 - INFO - file_cache is only supported with oauth2client<4.0.0
2024-11-25 12:22:51,456 - INFO - Archivo subido con ID: 1gtbHxw3I_n0iKoKtebTOUg0I6QoyeajC
2024-11-25 12:26:36,410 - INFO - file_cache is only supported with oauth2client<4.0.0
2024-11-25 12:26:38,615 - INFO - Archivo subido con ID: 1SRHAg5vhIl71zduKvbJLtk4yBflV6PjN
2024-11-25 12:28:39,435 - INFO - file_cache is only supported with oauth2client<4.0.0
2024-11-25 12:28:41,657 - INFO - Archivo subido con ID: 1MtDyrM0ojDS6iRM0bWR3SojVdMK7ypK9
2024-11-26 11:21:52,254 - INFO - file_cache is only supported with oauth2client<4.0.0
2024-11-26 11:21:54,252 - INFO - Archivo subido con ID: 1uzJ_gZJT0701J8oCkULASx7FuLb3rEFk
2024-11-26 11:22:06,358 - INFO - file_cache is only supported with oauth2client<4.0.0
2024-11-26 11:22:08,698 - INFO - Archivo subido con ID: 1bEzKg9wGGU2fpzm1rMQuCGtfKoYuf7sI
2024-11-26 11:22:22,839 - INFO - file_cache is only supported with oauth2client<4.0.0
2024-11-26 11:22:24,979 - INFO - Archivo subido con ID: 1N-GCjrhoElA-BDzNeDBTTcAw_B_pDGdL
2024-11-26 11:47:59,003 - INFO - file_cache is only supported with oauth2client<4.0.0
2024-11-26 11:48:01,242 - INFO - Archivo subido con ID: 1FmdfSiFiPxM94tYIhizUf__DYr8MuV7I
2024-11-27 10:37:34,362 - INFO - file_cache is only supported with oauth2client<4.0.0
2024-11-27 10:37:37,924 - INFO - Archivo subido con ID: 1rRHW2j9F4WNgYRjYAxUSgDwfTBWSNlwY
2024-12-02 09:27:17,849 - INFO - file_cache is only supported with oauth2client<4.0.0
2024-12-02 09:27:21,182 - INFO - Archivo subido con ID: 1C0oK5P5A-bpQ9qT9qOPJVMtuTY1u3jWf
2024-12-02 09:28:23,226 - INFO - file_cache is only supported with oauth2client<4.0.0
2024-12-02 09:28:27,668 - INFO - Archivo subido con ID: 1wwrqPPhGtia7DdwAxua5BksiTHFksWCd
2024-12-26 10:48:55,349 - INFO - file_cache is only supported with oauth2client<4.0.0
2024-12-26 10:48:57,573 - INFO - Archivo subido con ID: 1OmPklattF9L2DrjR6vxlU_kMjOPmZ_kH
2024-12-26 10:57:25,975 - INFO - file_cache is only supported with oauth2client<4.0.0
2024-12-26 10:57:27,861 - INFO - Archivo subido con ID: 13sDzlOhJF2ZL3DghfhEjrYdUFWowgmqx
2024-12-26 11:04:08,943 - INFO - file_cache is only supported with oauth2client<4.0.0
2024-12-26 11:04:12,230 - INFO - Archivo subido con ID: 1lcCrzsrrlVhVjqgSkyeXKgj8bjk9BSgA
2024-12-26 11:05:00,140 - INFO - file_cache is only supported with oauth2client<4.0.0
2024-12-26 11:05:02,532 - INFO - Archivo subido con ID: 1bWoXV9o0HhC89GGYe1rVvpIoQtm6tW6S
2024-12-26 11:49:11,885 - INFO - file_cache is only supported with oauth2client<4.0.0
2024-12-26 11:49:13,912 - INFO - Archivo subido con ID: 1z5MbU_b9aP-26-wQbm6zVpPBUJq_3uUX
2024-12-26 11:53:07,385 - INFO - file_cache is only supported with oauth2client<4.0.0
2024-12-26 11:53:10,416 - INFO - Archivo subido con ID: 1VoC00M1AuQOSvLFJhK6rBKrL-Gmgv-wU
2024-12-26 12:00:08,291 - INFO - file_cache is only supported with oauth2client<4.0.0
2024-12-26 12:00:10,692 - INFO - Archivo subido con ID: 1elYEXEYQvM1z71Aq9o40wSUsSHxZYydW
2024-12-26 12:12:24,588 - INFO - file_cache is only supported with oauth2client<4.0.0
2024-12-26 12:12:26,577 - INFO - Archivo subido con ID: 1dT6PiM29ASIev7Y_4AewSjCK65d3Z2Wv
2024-12-26 12:14:17,775 - INFO - file_cache is only supported with oauth2client<4.0.0
2024-12-26 12:14:19,616 - INFO - Archivo subido con ID: 1jwo4uLJyqL7FsLy7kXKgyJ__FXDMwCM1
2024-12-26 12:14:35,969 - INFO - file_cache is only supported with oauth2client<4.0.0
2024-12-26 12:14:38,825 - INFO - Archivo subido con ID: 1h9YsC_I8QNrYc38dSA_RJals2wwt6S6b
2024-12-26 12:15:17,624 - INFO - file_cache is only supported with oauth2client<4.0.0
2024-12-26 12:15:19,421 - INFO - Archivo subido con ID: 1iG_wnWIBYZhihEUDcDgOGd6ksEaDWtNX
2024-12-26 12:16:50,348 - INFO - file_cache is only supported with oauth2client<4.0.0
2024-12-26 12:16:52,327 - INFO - Archivo subido con ID: 1iS0Eq3CRskEU0r9oYfutyT9YEGLouQId
2024-12-26 12:17:05,864 - INFO - file_cache is only supported with oauth2client<4.0.0
2024-12-26 12:17:07,752 - INFO - Archivo subido con ID: 1tMvJkW5ywJiXSJ4PXCbDkC9bzr8I93BW
2024-12-26 12:17:25,046 - INFO - file_cache is only supported with oauth2client<4.0.0
2024-12-26 12:17:26,743 - INFO - Archivo subido con ID: 1g_92DVNyAVXLPh4NCyBcI5VBkyNExLaM
2024-12-26 12:17:55,377 - INFO - file_cache is only supported with oauth2client<4.0.0
2024-12-26 12:17:58,338 - INFO - Archivo subido con ID: 1W7joA69lmAdq2DoGhkc8h4GnMpZiwc_t
2024-12-26 12:39:44,827 - INFO - file_cache is only supported with oauth2client<4.0.0
2024-12-26 12:39:46,757 - INFO - Archivo subido con ID: 130mAYThO3hpIdrWSxPMi5Kg7MR0eDPgd
2024-12-26 14:53:10,664 - INFO - file_cache is only supported with oauth2client<4.0.0
2024-12-26 14:53:12,654 - INFO - Archivo subido con ID: 1ggADoi-bv7gwnRPUH9KMQLuVPFv08Cze
2024-12-26 14:53:25,803 - INFO - file_cache is only supported with oauth2client<4.0.0
2024-12-26 14:53:27,935 - INFO - Archivo subido con ID: 1a88wVr1zy8zovIO1z8mtZuB5Zp_qVCTs
2024-12-26 16:45:47,261 - INFO - file_cache is only supported with oauth2client<4.0.0
2024-12-26 16:45:50,340 - INFO - Archivo subido con ID: 1Q3Wk8lU8bkku5Ac6Da54Umr644DGQ-h-
2024-12-26 16:46:31,888 - INFO - file_cache is only supported with oauth2client<4.0.0
2024-12-26 16:46:34,913 - INFO - Archivo subido con ID: 1Y6WUBczjM4NTIEwk6Znhm27EKVPbayCg
